APPSHIK/Android/ProductChange/app/build/outputs/mapping/release/seeds.txt
com.android.productchange.R$anim: int abc_fade_in
com.android.productchange.R$anim: int abc_fade_out
com.android.productchange.R$anim: int abc_grow_fade_in_from_bottom
com.android.productchange.R$anim: int abc_popup_enter
com.android.productchange.R$anim: int abc_popup_exit
com.android.productchange.R$anim: int abc_shrink_fade_out_from_bottom
com.android.productchange.R$anim: int abc_slide_in_bottom
com.android.productchange.R$anim: int abc_slide_in_top
com.android.productchange.R$anim: int abc_slide_out_bottom
com.android.productchange.R$anim: int abc_slide_out_top
com.android.productchange.R$anim: int design_bottom_sheet_slide_in
com.android.productchange.R$anim: int design_bottom_sheet_slide_out
com.android.productchange.R$anim: int design_fab_in
com.android.productchange.R$anim: int design_fab_out
com.android.productchange.R$anim: int design_snackbar_in
com.android.productchange.R$anim: int design_snackbar_out
com.android.productchange.R$animator: int design_appbar_state_list_animator
com.android.productchange.R$array: int days_sunday_array
com.android.productchange.R$array: int number_of_stocks
com.android.productchange.R$array: int release_date
com.android.productchange.R$array: int stocks_percent
com.android.productchange.R$array: int undisturbed
com.android.productchange.R$attr: int actionBarDivider
com.android.productchange.R$attr: int actionBarItemBackground
com.android.productchange.R$attr: int actionBarPopupTheme
com.android.productchange.R$attr: int actionBarSize
com.android.productchange.R$attr: int actionBarSplitStyle
com.android.productchange.R$attr: int actionBarStyle
com.android.productchange.R$attr: int actionBarTabBarStyle
com.android.productchange.R$attr: int actionBarTabStyle
com.android.productchange.R$attr: int actionBarTabTextStyle
com.android.productchange.R$attr: int actionBarTheme
com.android.productchange.R$attr: int actionBarWidgetTheme
com.android.productchange.R$attr: int actionButtonStyle
com.android.productchange.R$attr: int actionDropDownStyle
com.android.productchange.R$attr: int actionLayout
com.android.productchange.R$attr: int actionMenuTextAppearance
com.android.productchange.R$attr: int actionMenuTextColor
com.android.productchange.R$attr: int actionModeBackground
com.android.productchange.R$attr: int actionModeCloseButtonStyle
com.android.productchange.R$attr: int actionModeCloseDrawable
com.android.productchange.R$attr: int actionModeCopyDrawable
com.android.productchange.R$attr: int actionModeCutDrawable
com.android.productchange.R$attr: int actionModeFindDrawable
com.android.productchange.R$attr: int actionModePasteDrawable
com.android.productchange.R$attr: int actionModePopupWindowStyle
com.android.productchange.R$attr: int actionModeSelectAllDrawable
com.android.productchange.R$bool: int abc_action_bar_embed_tabs
com.android.productchange.R$bool: int abc_allow_stacked_button_bar
com.android.productchange.R$bool: int abc_config_actionMenuItemAllCaps
com.android.productchange.R$bool: int abc_config_closeDialogWhenTouchOutside
com.android.productchange.R$bool: int abc_config_showMenuShortcutsWhenKeyboardPresent
...
com.facebook.stetho.inspector.elements.Document$ProviderListener
com.facebook.stetho.inspector.elements.Document$ProviderListener: com.facebook.stetho.inspector.elements.Document this$0
com.facebook.stetho.inspector.elements.Document$ProviderListener: Document$ProviderListener(com.facebook.stetho.inspector.elements.Document)
com.facebook.stetho.inspector.elements.Document$ProviderListener: void onPossiblyChanged()
com.facebook.stetho.inspector.elements.Document$ProviderListener: void onAttributeModified(java.lang.Object,java.lang.String,java.lang.String)
com.facebook.stetho.inspector.elements.Document$ProviderListener: void onAttributeRemoved(java.lang.Object,java.lang.String)
com.facebook.stetho.inspector.elements.Document$ProviderListener: void onInspectRequested(java.lang.Object)
com.facebook.stetho.inspector.elements.Document$ProviderListener: Document$ProviderListener(com.facebook.stetho.inspector.elements.Document,com.facebook.stetho.inspector.elements.Document$1)
com.facebook.stetho.inspector.elements.Document$UpdateListener
com.facebook.stetho.inspector.elements.Document$UpdateListener: void onAttributeModified(java.lang.Object,java.lang.String,java.lang.String)
com.facebook.stetho.inspector.elements.Document$UpdateListener: void onAttributeRemoved(java.lang.Object,java.lang.String)
com.facebook.stetho.inspector.elements.Document$UpdateListener: void onInspectRequested(java.lang.Object)
com.facebook.stetho.inspector.elements.Document$UpdateListener: void onChildNodeRemoved(int,int)
com.facebook.stetho.inspector.elements.Document$UpdateListener: void onChildNodeInserted(com.facebook.stetho.inspector.elements.DocumentView,java.lang.Object,int,int,com.facebook.stetho.common.Accumulator)
com.facebook.stetho.inspector.elements.Document$UpdateListenerCollection
com.facebook.stetho.inspector.elements.Document$UpdateListenerCollection: java.util.List mListeners
com.facebook.stetho.inspector.elements.Document$UpdateListenerCollection: com.facebook.stetho.inspector.elements.Document$UpdateListener[] mListenersSnapshot
com.facebook.stetho.inspector.elements.Document$UpdateListenerCollection: com.facebook.stetho.inspector.elements.Document this$0
com.facebook.stetho.inspector.elements.Document$UpdateListenerCollection: Document$UpdateListenerCollection(com.facebook.stetho.inspector.elements.Document)
com.facebook.stetho.inspector.elements.Document$UpdateListenerCollection: void add(com.facebook.stetho.inspector.elements.Document$UpdateListener)
com.facebook.stetho.inspector.elements.Document$UpdateListenerCollection: void remove(com.facebook.stetho.inspector.elements.Document$UpdateListener)
com.facebook.stetho.inspector.elements.Document$UpdateListenerCollection: void clear()
com.facebook.stetho.inspector.elements.Document$UpdateListenerCollection: com.facebook.stetho.inspector.elements.Document$UpdateListener[] getListenersSnapshot()
com.facebook.stetho.inspector.elements.Document$UpdateListenerCollection: void onAttributeModified(java.lang.Object,java.lang.String,java.lang.String)
com.facebook.stetho.inspector.elements.Document$UpdateListenerCollection: void onAttributeRemoved(java.lang.Object,java.lang.String)