APPSHIK/Android/ProductChange/app/build/outputs/mapping/release/mapping.txt
com.android.productchange.BuildConfig -> com.android.productchange.a:
    boolean DEBUG -> a
    java.lang.String APPLICATION_ID -> b
    java.lang.String BUILD_TYPE -> c
    java.lang.String FLAVOR -> d
    int VERSION_CODE -> e
    java.lang.String VERSION_NAME -> f
    void <init>() -> <init>
com.android.productchange.R -> com.android.productchange.b:
    void <init>() -> <init>
com.android.productchange.R$anim -> com.android.productchange.b$a:
    int abc_fade_in -> abc_fade_in
    int abc_fade_out -> abc_fade_out
    int abc_grow_fade_in_from_bottom -> abc_grow_fade_in_from_bottom
    int abc_popup_enter -> abc_popup_enter
    int abc_popup_exit -> abc_popup_exit
    int abc_shrink_fade_out_from_bottom -> abc_shrink_fade_out_from_bottom
    int abc_slide_in_bottom -> abc_slide_in_bottom
    int abc_slide_in_top -> abc_slide_in_top
    int abc_slide_out_bottom -> abc_slide_out_bottom
    int abc_slide_out_top -> abc_slide_out_top
    int design_bottom_sheet_slide_in -> design_bottom_sheet_slide_in
    int design_bottom_sheet_slide_out -> design_bottom_sheet_slide_out
    int design_fab_in -> design_fab_in
    int design_fab_out -> design_fab_out
    int design_snackbar_in -> design_snackbar_in
    int design_snackbar_out -> design_snackbar_out
    void <init>() -> <init>
com.android.productchange.R$animator -> com.android.productchange.b$b:
    int design_appbar_state_list_animator -> design_appbar_state_list_animator
    void <init>() -> <init>
com.android.productchange.R$array -> com.android.productchange.b$c:
    int days_sunday_array -> days_sunday_array
    int number_of_stocks -> number_of_stocks
    int release_date -> release_date
    int stocks_percent -> stocks_percent
    int undisturbed -> undisturbed
    void <init>() -> <init>
com.android.productchange.R$attr -> com.android.productchange.b$d:
    int actionBarDivider -> actionBarDivider
    int actionBarItemBackground -> actionBarItemBackground
    int actionBarPopupTheme -> actionBarPopupTheme
    int actionBarSize -> actionBarSize
    int actionBarSplitStyle -> actionBarSplitStyle
    int actionBarStyle -> actionBarStyle
    int actionBarTabBarStyle -> actionBarTabBarStyle
    int actionBarTabStyle -> actionBarTabStyle
    int actionBarTabTextStyle -> actionBarTabTextStyle
    int actionBarTheme -> actionBarTheme
    int actionBarWidgetTheme -> actionBarWidgetTheme
    int actionButtonStyle -> actionButtonStyle
    int actionDropDownStyle -> actionDropDownStyle
    int actionLayout -> actionLayout
    int actionMenuTextAppearance -> actionMenuTextAppearance
    int actionMenuTextColor -> actionMenuTextColor
    int actionModeBackground -> actionModeBackground
    int actionModeCloseButtonStyle -> actionModeCloseButtonStyle
    int actionModeCloseDrawable -> actionModeCloseDrawable
    int actionModeCopyDrawable -> actionModeCopyDrawable
    int actionModeCutDrawable -> actionModeCutDrawable
    int actionModeFindDrawable -> actionModeFindDrawable
    int actionModePasteDrawable -> actionModePasteDrawable
    int actionModePopupWindowStyle -> actionModePopupWindowStyle
    int actionModeSelectAllDrawable -> actionModeSelectAllDrawable
    int actionModeShareDrawable -> actionModeShareDrawable
com.android.productchange.R$bool -> com.android.productchange.b$e:
    int abc_action_bar_embed_tabs -> abc_action_bar_embed_tabs
    int abc_allow_stacked_button_bar -> abc_allow_stacked_button_bar
    int abc_config_actionMenuItemAllCaps -> abc_config_actionMenuItemAllCaps
    int abc_config_closeDialogWhenTouchOutside -> abc_config_closeDialogWhenTouchOutside
    int abc_config_showMenuShortcutsWhenKeyboardPresent -> abc_config_showMenuShortcutsWhenKeyboardPresent
    void <init>() -> <init>
...
org.apache.log4j.lf5.viewer.configure.ConfigurationManager -> org.apache.log4j.lf5.viewer.configure.ConfigurationManager:
    java.lang.String CONFIG_FILE_NAME -> CONFIG_FILE_NAME
    java.lang.String NAME -> NAME
    java.lang.String PATH -> PATH
    java.lang.String SELECTED -> SELECTED
    java.lang.String EXPANDED -> EXPANDED
    java.lang.String CATEGORY -> CATEGORY
    java.lang.String FIRST_CATEGORY_NAME -> FIRST_CATEGORY_NAME
    java.lang.String LEVEL -> LEVEL
    java.lang.String COLORLEVEL -> COLORLEVEL
    java.lang.String RED -> RED
    java.lang.String GREEN -> GREEN
    java.lang.String BLUE -> BLUE
    java.lang.String COLUMN -> COLUMN
    java.lang.String NDCTEXTFILTER -> NDCTEXTFILTER
    org.apache.log4j.lf5.viewer.LogBrokerMonitor _monitor -> _monitor
    org.apache.log4j.lf5.viewer.LogTable _table -> _table
    void <init>(org.apache.log4j.lf5.viewer.LogBrokerMonitor,org.apache.log4j.lf5.viewer.LogTable) -> <init>
    void save() -> save
    void reset() -> reset
    java.lang.String treePathToString(javax.swing.tree.TreePath) -> treePathToString
    void load() -> load
    void processRecordFilter(org.w3c.dom.Document) -> processRecordFilter
    void processCategories(org.w3c.dom.Document) -> processCategories
    void processLogLevels(org.w3c.dom.Document) -> processLogLevels
    void processLogLevelColors(org.w3c.dom.Document) -> processLogLevelColors
    void processLogTableColumns(org.w3c.dom.Document) -> processLogTableColumns
org.apache.log4j.lf5.viewer.configure.MRUFileManager -> org.apache.log4j.lf5.viewer.configure.MRUFileManager:
    java.lang.String CONFIG_FILE_NAME -> CONFIG_FILE_NAME
    int DEFAULT_MAX_SIZE -> DEFAULT_MAX_SIZE
    int _maxSize -> _maxSize
    java.util.LinkedList _mruFileList -> _mruFileList
    void <init>() -> <init>
    void <init>(int) -> <init>
    void save() -> save
    int size() -> size
    java.lang.Object getFile(int) -> getFile
    java.io.InputStream getInputStream(int) -> getInputStream
    void set(java.io.File) -> set
    void set(java.net.URL) -> set
    java.lang.String[] getMRUFileList() -> getMRUFileList
    void moveToTop(int) -> moveToTop
    void createConfigurationDirectory() -> createConfigurationDirectory
    java.io.InputStream getInputStream(java.io.File) -> getInputStream
    java.io.InputStream getInputStream(java.net.URL) -> getInputStream
    void setMRU(java.lang.Object) -> setMRU
    void load() -> load
    java.lang.String getFilename() -> getFilename
    void setMaxSize(int) -> setMaxSize
org.apache.log4j.net.DefaultEvaluator -> org.apache.log4j.net.DefaultEvaluator:
    void <init>() -> <init>
    boolean isTriggeringEvent(org.apache.log4j.spi.LoggingEvent) -> isTriggeringEvent